--cache
--cellar
--prefix
--repo
--repository
--version
-S
abv
analytics
aspell-dictionaries
audit
bottle
bump-formula-pr
bundle
cask
cat
cleanup
command
commands
config
configure
create
deps
desc
diy
doctor
edit
environment
fetch
formula
gist-logs
help
home
homepage
info
install
irb
leaves
link
linkage
linkapps
list
ln
log
ls
man
migrate
mirror
missing
options
outdated
pin
postinstall
prune
pull
readall
reinstall
release-notes
remove
rm
search
services
sh
style
switch
tap
tap-info
tap-new
tap-pin
tap-unpin
test
tests
uninstall
unlink
unlinkapps
unpack
unpin
untap
up
update
update-reset
update-test
upgrade
uses
vendor-install
